------------------------
system Health Check  -2026-01-15 07:04:22
Disk usage: 29%
 Memory Usage : 
CUP Load: 0.02, 0.06, 0.03
Health check completed.
------------------------
system Health Check  - 2026-01-15 07:13:29
Disk usage: 29%
 Memory Usage : 
CUP Load: 0.00, 0.00, 0.00
Health check completed.
------------------------
system Health Check  - 2026-01-15 07:19:57
Disk usage: 29%
 Memory Usage : 
CPU Load :  0.00, 0.00, 0.00
Health check completed.
------------------------
system Health Check  - 2026-01-15 07:21:48
Disk usage: 29%
 Memory Usage : 444Mi/3.7Gi
CPU Load :  0.00, 0.00, 0.00
Health check completed.
